Tue, 15 Sep 2020 12:45:32 GMT | INFO  | Server is running on port: 3000
Tue, 15 Sep 2020 13:15:26 GMT | INFO  | Server is running on port: 3000
Tue, 15 Sep 2020 13:34:00 GMT | INFO  | Server is running on port: 3000
Tue, 15 Sep 2020 13:34:00 GMT | INFO  | Connected to database
Tue, 15 Sep 2020 13:37:15 GMT | INFO  | Server is running on port: 3000
Tue, 15 Sep 2020 13:37:16 GMT | INFO  | Connected to database
Tue, 15 Sep 2020 13:37:38 GMT | INFO  | Server is running on port: 3000
Tue, 15 Sep 2020 13:37:38 GMT | INFO  | Connected to database
Tue, 15 Sep 2020 13:38:11 GMT | INFO  | Server is running on port: 3000
Tue, 15 Sep 2020 13:38:11 GMT | INFO  | Connected to database
Tue, 15 Sep 2020 13:38:28 GMT | INFO  | Server is running on port: 3000
Tue, 15 Sep 2020 13:38:28 GMT | INFO  | Connected to database
Tue, 15 Sep 2020 13:39:56 GMT | INFO  | Server is running on port: 4321
Tue, 15 Sep 2020 13:39:56 GMT | INFO  | Connected to database
Tue, 15 Sep 2020 13:40:30 GMT | INFO  | Server is running on port: 4321
Tue, 15 Sep 2020 13:40:30 GMT | INFO  | Connected to database
Tue, 15 Sep 2020 13:40:52 GMT | INFO  | Server is running on port: 2727
Tue, 15 Sep 2020 13:40:52 GMT | INFO  | Connected to database
Tue, 15 Sep 2020 13:42:16 GMT | INFO  | Server is running on port: 2727
Tue, 15 Sep 2020 13:42:16 GMT | INFO  | Connected to database
Tue, 15 Sep 2020 13:42:26 GMT | INFO  | Server is running on port: 2727
Tue, 15 Sep 2020 13:42:26 GMT | INFO  | Connected to database
Tue, 15 Sep 2020 13:43:01 GMT | INFO  | Server is running on port: 3113
Tue, 15 Sep 2020 13:43:01 GMT | INFO  | Connected to database
Tue, 15 Sep 2020 13:44:51 GMT | INFO  | Server is running on port: 3113
Tue, 15 Sep 2020 13:44:51 GMT | INFO  | Connected to database
Tue, 15 Sep 2020 13:45:19 GMT | INFO  | Server is running on port: 3000
Tue, 15 Sep 2020 13:45:19 GMT | INFO  | Connected to database
Tue, 15 Sep 2020 13:46:01 GMT | INFO  | Server is running on port: 3112
Tue, 15 Sep 2020 13:46:01 GMT | INFO  | Connected to database
Tue, 15 Sep 2020 13:52:34 GMT | INFO  | Server is running on port: 3112
Fri, 02 Oct 2020 11:44:01 GMT | INFO  | Server is running on port: 3112
Fri, 02 Oct 2020 11:52:50 GMT | INFO  | Server is running on port: 3112
Fri, 02 Oct 2020 11:56:09 GMT | INFO  | Server is running on port: 3112
Fri, 02 Oct 2020 11:56:09 GMT | INFO  | Connected to database
Fri, 02 Oct 2020 12:59:49 GMT | INFO  | Server is running on port: 3112
Fri, 02 Oct 2020 12:59:49 GMT | INFO  | Connected to database
Fri, 02 Oct 2020 13:01:29 GMT | INFO  | Server is running on port: 3112
Fri, 02 Oct 2020 13:01:29 GMT | INFO  | Connected to database
Fri, 02 Oct 2020 13:20:46 GMT | INFO  | Server is running on port: 3112
Fri, 02 Oct 2020 13:20:46 GMT | INFO  | Connected to database
Fri, 02 Oct 2020 13:22:20 GMT | INFO  | Server is running on port: 3112
Fri, 02 Oct 2020 13:22:20 GMT | INFO  | Connected to database
Fri, 02 Oct 2020 13:22:36 GMT | INFO  | Server is running on port: 3112
Fri, 02 Oct 2020 13:22:36 GMT | INFO  | Connected to database
Fri, 02 Oct 2020 13:22:46 GMT | INFO  | Server is running on port: 3112
Fri, 02 Oct 2020 13:22:46 GMT | INFO  | Connected to database
Fri, 02 Oct 2020 13:24:56 GMT | INFO  | Server is running on port: 3112
Fri, 02 Oct 2020 13:24:56 GMT | INFO  | Connected to database
Fri, 02 Oct 2020 13:25:05 GMT | INFO  | Server is running on port: 3112
Fri, 02 Oct 2020 13:25:05 GMT | INFO  | Connected to database
Fri, 02 Oct 2020 13:50:04 GMT | INFO  | Server is running on port: 3112
Fri, 02 Oct 2020 13:50:04 GMT | INFO  | Connected to database
Fri, 02 Oct 2020 14:04:20 GMT | INFO  | Server is running on port: 3112
Fri, 02 Oct 2020 14:04:20 GMT | INFO  | Connected to database
Fri, 02 Oct 2020 14:12:54 GMT | INFO  | Server is running on port: 3000
Fri, 02 Oct 2020 14:12:54 GMT | INFO  | Connected to database
Fri, 02 Oct 2020 14:14:50 GMT | INFO  | Server is running on port: 3000
Fri, 02 Oct 2020 14:14:50 GMT | INFO  | Connected to database
Fri, 02 Oct 2020 14:44:13 GMT | INFO  | Server is running on port: 3000
Fri, 02 Oct 2020 14:44:13 GMT | INFO  | Connected to database
Fri, 02 Oct 2020 14:44:20 GMT | INFO  | Server is running on port: 3000
Fri, 02 Oct 2020 14:44:20 GMT | INFO  | Connected to database
Fri, 02 Oct 2020 14:45:32 GMT | INFO  | Server is running on port: 3000
Fri, 02 Oct 2020 14:45:32 GMT | INFO  | Connected to database
Fri, 02 Oct 2020 14:46:19 GMT | INFO  | Server is running on port: 3000
Fri, 02 Oct 2020 14:46:19 GMT | INFO  | Connected to database
Fri, 02 Oct 2020 14:49:38 GMT | INFO  | Server is running on port: 3000
Fri, 02 Oct 2020 14:49:38 GMT | INFO  | Connected to database
Fri, 02 Oct 2020 14:59:41 GMT | INFO  | Server is running on port: 3000
Fri, 02 Oct 2020 14:59:41 GMT | INFO  | Connected to database
Fri, 02 Oct 2020 15:07:52 GMT | INFO  | Server is running on port: 3000
Fri, 02 Oct 2020 15:07:52 GMT | INFO  | Connected to database
Fri, 02 Oct 2020 15:09:52 GMT | INFO  | Server is running on port: 3000
Fri, 02 Oct 2020 15:09:52 GMT | INFO  | Connected to database
Fri, 02 Oct 2020 15:09:56 GMT | INFO  | Server is running on port: 3000
Fri, 02 Oct 2020 15:09:56 GMT | INFO  | Connected to database
Fri, 02 Oct 2020 15:10:01 GMT | INFO  | Server is running on port: 3000
Fri, 02 Oct 2020 15:10:02 GMT | INFO  | Connected to database
Fri, 02 Oct 2020 15:11:46 GMT | INFO  | Server is running on port: 3000
Fri, 02 Oct 2020 15:11:46 GMT | INFO  | Connected to database
Fri, 02 Oct 2020 15:12:06 GMT | INFO  | Server is running on port: 3000
Fri, 02 Oct 2020 15:12:06 GMT | INFO  | Connected to database
Fri, 02 Oct 2020 15:12:27 GMT | INFO  | Server is running on port: 3000
Fri, 02 Oct 2020 15:12:27 GMT | INFO  | Connected to database
Fri, 02 Oct 2020 15:16:39 GMT | INFO  | Server is running on port: 3000
Fri, 02 Oct 2020 15:16:39 GMT | INFO  | Connected to database
Fri, 02 Oct 2020 15:20:21 GMT | INFO  | Server is running on port: 3000
Fri, 02 Oct 2020 15:20:21 GMT | INFO  | Connected to database
Wed, 04 Nov 2020 07:28:09 GMT | INFO  | Server is running on port: 3000
Wed, 04 Nov 2020 07:28:09 GMT | INFO  | Connected to database
Wed, 04 Nov 2020 09:23:34 GMT | INFO  | Server is running on port: 3000
Fri, 27 Nov 2020 12:28:08 GMT | INFO  | Server is running on port: 3000
Fri, 27 Nov 2020 12:28:08 GMT | INFO  | Connected to database
Tue, 29 Dec 2020 11:53:24 GMT | INFO  | Server is running on port: 3001
Tue, 29 Dec 2020 11:53:24 GMT | INFO  | Connected to database
Tue, 29 Dec 2020 11:53:56 GMT | INFO  | Server is running on port: 3001
Tue, 29 Dec 2020 11:53:56 GMT | INFO  | Connected to database
Tue, 29 Dec 2020 11:54:18 GMT | INFO  | Server is running on port: 3001
Tue, 29 Dec 2020 11:54:18 GMT | INFO  | Connected to database
Tue, 29 Dec 2020 11:59:39 GMT | INFO  | Server is running on port: 3001
Tue, 29 Dec 2020 11:59:39 GMT | INFO  | Connected to database
Tue, 29 Dec 2020 12:02:29 GMT | INFO  | Server is running on port: 3001
Tue, 29 Dec 2020 12:02:29 GMT | INFO  | Connected to database
Tue, 29 Dec 2020 14:20:32 GMT | INFO  | Server is running on port: 3001
Tue, 29 Dec 2020 14:20:32 GMT | INFO  | Connected to database
Tue, 29 Dec 2020 14:25:42 GMT | INFO  | Server is running on port: 3001
Tue, 29 Dec 2020 14:25:42 GMT | INFO  | Connected to database
Tue, 29 Dec 2020 14:26:55 GMT | INFO  | Server is running on port: 3001
Tue, 29 Dec 2020 14:26:55 GMT | INFO  | Connected to database
Tue, 29 Dec 2020 14:27:16 GMT | INFO  | Server is running on port: 3001
Tue, 29 Dec 2020 14:27:16 GMT | INFO  | Connected to database
Tue, 29 Dec 2020 14:45:51 GMT | INFO  | Server is running on port: 3001
Tue, 29 Dec 2020 14:45:51 GMT | INFO  | Connected to database
Tue, 29 Dec 2020 14:46:34 GMT | INFO  | Server is running on port: 3001
Tue, 29 Dec 2020 14:46:34 GMT | INFO  | Connected to database
Tue, 29 Dec 2020 14:47:15 GMT | INFO  | Server is running on port: 3001
Tue, 29 Dec 2020 14:47:15 GMT | INFO  | Connected to database
Tue, 29 Dec 2020 14:48:49 GMT | INFO  | Server is running on port: 3001
Tue, 29 Dec 2020 14:48:49 GMT | INFO  | Connected to database
Tue, 29 Dec 2020 14:49:26 GMT | INFO  | Server is running on port: 3001
Tue, 29 Dec 2020 14:49:27 GMT | INFO  | Connected to database
Tue, 29 Dec 2020 14:50:32 GMT | INFO  | Server is running on port: 3001
Tue, 29 Dec 2020 14:50:32 GMT | INFO  | Connected to database
Tue, 29 Dec 2020 14:51:31 GMT | INFO  | Server is running on port: 3001
Tue, 29 Dec 2020 14:51:31 GMT | INFO  | Connected to database
Tue, 29 Dec 2020 15:10:35 GMT | INFO  | Server is running on port: 3001
Tue, 29 Dec 2020 15:10:35 GMT | INFO  | Connected to database
Tue, 29 Dec 2020 15:11:03 GMT | INFO  | Server is running on port: 3001
Tue, 29 Dec 2020 15:11:03 GMT | INFO  | Connected to database
Tue, 29 Dec 2020 15:11:38 GMT | INFO  | Server is running on port: 3001
Tue, 29 Dec 2020 15:11:38 GMT | INFO  | Connected to database
Tue, 29 Dec 2020 15:12:03 GMT | INFO  | Server is running on port: 3001
Tue, 29 Dec 2020 15:12:03 GMT | INFO  | Connected to database
Tue, 29 Dec 2020 15:12:11 GMT | INFO  | Server is running on port: 3001
Tue, 29 Dec 2020 15:12:11 GMT | INFO  | Connected to database
Tue, 29 Dec 2020 15:12:37 GMT | INFO  | Server is running on port: 3001
Tue, 29 Dec 2020 15:12:37 GMT | INFO  | Connected to database
Tue, 29 Dec 2020 15:13:08 GMT | INFO  | Server is running on port: 3001
Tue, 29 Dec 2020 15:13:08 GMT | INFO  | Connected to database
Tue, 29 Dec 2020 15:14:03 GMT | INFO  | Server is running on port: 3001
Tue, 29 Dec 2020 15:14:03 GMT | INFO  | Connected to database
Tue, 29 Dec 2020 15:16:22 GMT | INFO  | Server is running on port: 3001
Tue, 29 Dec 2020 15:16:22 GMT | INFO  | Connected to database
Tue, 29 Dec 2020 15:18:13 GMT | INFO  | Server is running on port: 3001
Tue, 29 Dec 2020 15:18:13 GMT | INFO  | Connected to database
Tue, 29 Dec 2020 15:19:23 GMT | INFO  | Server is running on port: 3001
Tue, 29 Dec 2020 15:19:23 GMT | INFO  | Connected to database
Tue, 29 Dec 2020 15:20:44 GMT | INFO  | Server is running on port: 3001
Tue, 29 Dec 2020 15:20:44 GMT | INFO  | Connected to database
Tue, 29 Dec 2020 15:21:49 GMT | INFO  | Server is running on port: 3001
Tue, 29 Dec 2020 15:21:49 GMT | INFO  | Connected to database
Tue, 29 Dec 2020 15:25:14 GMT | INFO  | Server is running on port: 3001
Tue, 29 Dec 2020 15:25:14 GMT | INFO  | Connected to database
Tue, 29 Dec 2020 15:26:48 GMT | INFO  | Server is running on port: 3001
Tue, 29 Dec 2020 15:26:48 GMT | INFO  | Connected to database
Tue, 29 Dec 2020 15:27:03 GMT | INFO  | Server is running on port: 3001
Tue, 29 Dec 2020 15:27:03 GMT | INFO  | Connected to database
Tue, 29 Dec 2020 15:27:52 GMT | INFO  | Server is running on port: 3001
Tue, 29 Dec 2020 15:27:52 GMT | INFO  | Connected to database
Tue, 29 Dec 2020 16:30:30 GMT | INFO  | Server is running on port: 3001
Tue, 29 Dec 2020 16:30:31 GMT | INFO  | Connected to database
Wed, 30 Dec 2020 11:37:34 GMT | INFO  | Server is running on port: 3001
Wed, 30 Dec 2020 11:37:34 GMT | INFO  | Connected to database
Wed, 30 Dec 2020 11:38:10 GMT | INFO  | Server is running on port: 3001
Wed, 30 Dec 2020 11:38:10 GMT | INFO  | Connected to database
Wed, 30 Dec 2020 11:38:30 GMT | INFO  | Server is running on port: 3001
Wed, 30 Dec 2020 11:38:30 GMT | INFO  | Connected to database
Wed, 30 Dec 2020 11:38:56 GMT | INFO  | Server is running on port: 3001
Wed, 30 Dec 2020 11:38:56 GMT | INFO  | Connected to database
Wed, 30 Dec 2020 11:40:07 GMT | INFO  | Server is running on port: 3001
Wed, 30 Dec 2020 11:40:07 GMT | INFO  | Connected to database
Wed, 30 Dec 2020 11:40:52 GMT | INFO  | Server is running on port: 3001
Wed, 30 Dec 2020 11:40:52 GMT | INFO  | Connected to database
Wed, 30 Dec 2020 11:41:23 GMT | INFO  | Server is running on port: 3001
Wed, 30 Dec 2020 11:41:23 GMT | INFO  | Connected to database
Wed, 30 Dec 2020 14:10:59 GMT | INFO  | Server is running on port: 3001
Wed, 30 Dec 2020 14:10:59 GMT | INFO  | Connected to database
Wed, 30 Dec 2020 14:19:19 GMT | INFO  | Server is running on port: 3001
Wed, 30 Dec 2020 14:19:19 GMT | INFO  | Connected to database
Wed, 30 Dec 2020 14:19:20 GMT | INFO  | Server is running on port: 3001
Wed, 30 Dec 2020 14:19:20 GMT | INFO  | Connected to database
Wed, 30 Dec 2020 14:20:29 GMT | INFO  | Server is running on port: 3001
Wed, 30 Dec 2020 14:20:29 GMT | INFO  | Connected to database
Wed, 30 Dec 2020 14:21:10 GMT | INFO  | Server is running on port: 3001
Wed, 30 Dec 2020 14:21:10 GMT | INFO  | Connected to database
Wed, 30 Dec 2020 14:21:33 GMT | INFO  | Server is running on port: 3001
Wed, 30 Dec 2020 14:21:33 GMT | INFO  | Connected to database
Wed, 30 Dec 2020 14:21:39 GMT | INFO  | Server is running on port: 3001
Wed, 30 Dec 2020 14:21:39 GMT | INFO  | Connected to database
Wed, 30 Dec 2020 14:25:19 GMT | INFO  | Server is running on port: 3001
Wed, 30 Dec 2020 14:25:19 GMT | INFO  | Connected to database
Wed, 30 Dec 2020 14:28:59 GMT | INFO  | Server is running on port: 3001
Wed, 30 Dec 2020 14:28:59 GMT | INFO  | Connected to database
Wed, 30 Dec 2020 14:30:57 GMT | INFO  | Server is running on port: 3001
Wed, 30 Dec 2020 14:30:57 GMT | INFO  | Connected to database
Wed, 30 Dec 2020 14:33:25 GMT | INFO  | Server is running on port: 3001
Wed, 30 Dec 2020 14:33:25 GMT | INFO  | Connected to database
Wed, 30 Dec 2020 14:35:00 GMT | INFO  | Server is running on port: 3001
Wed, 30 Dec 2020 14:35:00 GMT | INFO  | Connected to database
Wed, 30 Dec 2020 14:35:35 GMT | INFO  | Server is running on port: 3001
Wed, 30 Dec 2020 14:35:35 GMT | INFO  | Connected to database
Wed, 30 Dec 2020 14:36:24 GMT | INFO  | Server is running on port: 3001
Wed, 30 Dec 2020 14:36:24 GMT | INFO  | Connected to database
Wed, 30 Dec 2020 14:37:35 GMT | INFO  | Server is running on port: 3001
Wed, 30 Dec 2020 14:37:35 GMT | INFO  | Connected to database
Wed, 30 Dec 2020 14:37:59 GMT | INFO  | Server is running on port: 3001
Wed, 30 Dec 2020 14:37:59 GMT | INFO  | Connected to database
Wed, 30 Dec 2020 14:42:02 GMT | INFO  | Server is running on port: 3001
Wed, 30 Dec 2020 14:42:02 GMT | INFO  | Connected to database
Wed, 30 Dec 2020 14:42:38 GMT | INFO  | Server is running on port: 3001
Wed, 30 Dec 2020 14:42:38 GMT | INFO  | Connected to database
Sat, 02 Jan 2021 10:00:24 GMT | INFO  | Server is running on port: 3001
Sat, 02 Jan 2021 10:00:24 GMT | INFO  | Connected to database
Sat, 02 Jan 2021 10:01:15 GMT | INFO  | Server is running on port: 3001
Sat, 02 Jan 2021 10:01:15 GMT | INFO  | Connected to database
Sat, 02 Jan 2021 10:43:43 GMT | INFO  | Server is running on port: 3001
Sat, 02 Jan 2021 10:43:43 GMT | INFO  | Connected to database
Sat, 02 Jan 2021 10:57:38 GMT | INFO  | Server is running on port: 3001
Sat, 02 Jan 2021 10:57:38 GMT | INFO  | Connected to database
Sun, 03 Jan 2021 10:00:15 GMT | INFO  | Server is running on port: 3001
Sun, 03 Jan 2021 10:00:15 GMT | INFO  | Connected to database
Sun, 03 Jan 2021 10:51:59 GMT | INFO  | Server is running on port: 3001
Sun, 03 Jan 2021 10:51:59 GMT | INFO  | Connected to database
Sun, 03 Jan 2021 10:56:06 GMT | INFO  | Server is running on port: 3001
Sun, 03 Jan 2021 10:56:06 GMT | INFO  | Connected to database
Sun, 03 Jan 2021 11:01:34 GMT | INFO  | Server is running on port: 3001
Sun, 03 Jan 2021 11:01:35 GMT | INFO  | Connected to database
Sun, 03 Jan 2021 11:01:41 GMT | INFO  | Server is running on port: 3001
Sun, 03 Jan 2021 11:01:41 GMT | INFO  | Connected to database
Sun, 03 Jan 2021 11:02:10 GMT | INFO  | Server is running on port: 3001
Sun, 03 Jan 2021 11:02:10 GMT | INFO  | Connected to database
Sun, 03 Jan 2021 11:02:27 GMT | INFO  | Server is running on port: 3001
Sun, 03 Jan 2021 11:02:27 GMT | INFO  | Connected to database
Sun, 03 Jan 2021 12:44:13 GMT | INFO  | Server is running on port: 3001
Sun, 03 Jan 2021 12:44:13 GMT | INFO  | Connected to database
Sun, 03 Jan 2021 12:45:35 GMT | INFO  | Server is running on port: 3001
Sun, 03 Jan 2021 12:45:35 GMT | INFO  | Connected to database
Sun, 03 Jan 2021 12:47:51 GMT | INFO  | Server is running on port: 3001
Sun, 03 Jan 2021 12:47:51 GMT | INFO  | Connected to database
Sun, 03 Jan 2021 12:50:23 GMT | INFO  | Server is running on port: 3001
Sun, 03 Jan 2021 12:50:23 GMT | INFO  | Connected to database
Sun, 03 Jan 2021 12:52:12 GMT | INFO  | Server is running on port: 3001
Sun, 03 Jan 2021 12:52:12 GMT | INFO  | Connected to database
Sun, 03 Jan 2021 12:54:21 GMT | INFO  | Server is running on port: 3001
Sun, 03 Jan 2021 12:54:21 GMT | INFO  | Connected to database
Sun, 03 Jan 2021 12:56:26 GMT | INFO  | Server is running on port: 3001
Sun, 03 Jan 2021 12:56:26 GMT | INFO  | Connected to database
Sun, 03 Jan 2021 15:52:11 GMT | INFO  | Server is running on port: 3001
Sun, 03 Jan 2021 15:52:11 GMT | INFO  | Connected to database
Sun, 03 Jan 2021 15:52:13 GMT | INFO  | Server is running on port: 3001
Sun, 03 Jan 2021 15:52:13 GMT | INFO  | Connected to database
Sun, 03 Jan 2021 15:52:45 GMT | INFO  | Server is running on port: 3001
Sun, 03 Jan 2021 15:52:45 GMT | INFO  | Connected to database
Sun, 03 Jan 2021 15:52:47 GMT | INFO  | Server is running on port: 3001
Sun, 03 Jan 2021 15:52:47 GMT | INFO  | Connected to database
Sun, 03 Jan 2021 15:54:07 GMT | INFO  | Server is running on port: 3001
Sun, 03 Jan 2021 15:54:07 GMT | INFO  | Connected to database
Sun, 03 Jan 2021 15:54:21 GMT | INFO  | Server is running on port: 3001
Sun, 03 Jan 2021 15:54:21 GMT | INFO  | Connected to database
Sun, 03 Jan 2021 15:56:00 GMT | INFO  | Server is running on port: 3001
Sun, 03 Jan 2021 15:56:00 GMT | INFO  | Connected to database
Sun, 03 Jan 2021 15:56:06 GMT | INFO  | Server is running on port: 3001
Sun, 03 Jan 2021 15:56:06 GMT | INFO  | Connected to database
Sun, 03 Jan 2021 15:56:22 GMT | INFO  | Server is running on port: 3001
Sun, 03 Jan 2021 15:56:22 GMT | INFO  | Connected to database
Sun, 03 Jan 2021 15:57:04 GMT | INFO  | Server is running on port: 3001
Sun, 03 Jan 2021 15:57:04 GMT | INFO  | Connected to database
Sun, 03 Jan 2021 15:58:34 GMT | INFO  | Server is running on port: 3001
Sun, 03 Jan 2021 15:58:34 GMT | INFO  | Connected to database
Mon, 04 Jan 2021 06:50:03 GMT | INFO  | Server is running on port: 3001
